<?xml version="1.0" encoding="UTF-8"?>
<!-- Generated by org.testng.reporters.JUnitReportReporter -->
<testsuite skipped="0" hostname="DESKTOP-QHS8TJ6" name="projects.VerifyTheWebsiteSecondHeading" tests="1" failures="0" timestamp="19 May 2021 04:32:54 GMT" time="17.243" errors="0">
  <testcase name="verifySecondHeading" time="17.243" classname="projects.VerifyTheWebsiteSecondHeading"/>
</testsuite> <!-- projects.VerifyTheWebsiteSecondHeading -->
