<?xml version="1.0" encoding="UTF-8"?>
<!-- Generated by org.testng.reporters.JUnitReportReporter -->
<testsuite skipped="0" hostname="DESKTOP-QHS8TJ6" name="com.ibm.rest.RestAssuredGitTest" tests="3" failures="0" timestamp="08 Jun 2021 16:03:26 GMT" time="3.706" errors="0">
  <testcase name="postRequest" time="2.487" classname="com.ibm.rest.RestAssuredGitTest"/>
  <testcase name="getRequest" time="0.823" classname="com.ibm.rest.RestAssuredGitTest"/>
  <testcase name="deleteRequest" time="0.396" classname="com.ibm.rest.RestAssuredGitTest"/>
</testsuite> <!-- com.ibm.rest.RestAssuredGitTest -->
