<?xml version="1.0" encoding="UTF-8"?>
<!-- Generated by org.testng.reporters.JUnitReportReporter -->
<testsuite skipped="0" hostname="DESKTOP-QHS8TJ6" name="com.ibm.fst.rest_assured.Activity1" tests="3" failures="0" timestamp="21 May 2021 04:41:34 GMT" time="20.295" errors="0">
  <testcase name="addNewPet" time="16.824" classname="com.ibm.fst.rest_assured.Activity1"/>
  <testcase name="getPetInfo" time="1.872" classname="com.ibm.fst.rest_assured.Activity1"/>
  <testcase name="deletePet" time="1.599" classname="com.ibm.fst.rest_assured.Activity1"/>
</testsuite> <!-- com.ibm.fst.rest_assured.Activity1 -->
