<?xml version="1.0" encoding="UTF-8"?>
<!-- Generated by org.testng.reporters.JUnitReportReporter -->
<testsuite skipped="0" hostname="DESKTOP-QHS8TJ6" name="activities.Activity2" tests="3" failures="0" timestamp="06 Jun 2021 18:03:04 GMT" time="21.145" errors="0">
  <testcase name="addNewUserFromFile" time="9.473" classname="activities.Activity2"/>
  <testcase name="getUserInfo" time="5.259" classname="activities.Activity2"/>
  <testcase name="deleteUser" time="6.413" classname="activities.Activity2"/>
</testsuite> <!-- activities.Activity2 -->
