<?xml version="1.0" encoding="UTF-8"?>
<!-- Generated by org.testng.reporters.JUnitReportReporter -->
<testsuite skipped="0" hostname="DESKTOP-QHS8TJ6" name="activities.Activity3" tests="5" failures="0" timestamp="06 Jun 2021 18:05:22 GMT" time="41.311" errors="0">
  <testcase name="addPets" time="17.029" classname="activities.Activity3"/>
  <testcase name="getPets" time="4.873" classname="activities.Activity3"/>
  <testcase name="getPets" time="6.380" classname="activities.Activity3"/>
  <testcase name="deletePets" time="6.528" classname="activities.Activity3"/>
  <testcase name="deletePets" time="6.501" classname="activities.Activity3"/>
</testsuite> <!-- activities.Activity3 -->
